###############################################################################
#                                                                             #
# IAR C/C++ Compiler V8.10.3.40338/W32 for 8051         19/Nov/2012  16:20:37 #
# Copyright 2004-2011 IAR Systems AB.                                         #
#                                                                             #
#    Core               =  plain                                              #
#    Code model         =  banked                                             #
#    Data model         =  large                                              #
#    Calling convention =  xdata reentrant                                    #
#    Constant location  =  data_rom                                           #
#    Dptr setup         =  1,16                                               #
#    Source file        =  C:\Texas Instruments\ZStack-CC2530-2.5.1a\Componen #
#                          ts\hal\target\CC2530EB\hal_key.c                   #
#    Command line       =  -f "C:\Texas Instruments\ZStack-CC2530-2.5.1a\Proj #
#                          ects\zstack\Samples\testApp_2.5\CC2530DB\..\..\..\ #
#                          Tools\CC2530DB\f8wRouter.cfg" (-DCPU32MHZ          #
#                          -DROOT=__near_func -DMAC_CFG_APP_PENDING_QUEUE=TRU #
#                          E -DMAC_CFG_TX_DATA_MAX=5 -DMAC_CFG_TX_MAX=8       #
#                          -DMAC_CFG_RX_MAX=5 -DRTR_NWK) -f "C:\Texas         #
#                          Instruments\ZStack-CC2530-2.5.1a\Projects\zstack\S #
#                          amples\testApp_2.5\CC2530DB\..\..\..\Tools\CC2530D #
#                          B\f8wConfig.cfg" (-DZIGBEEPRO -DSECURE=0           #
#                          -DZG_SECURE_DYNAMIC=0 -DREFLECTOR                  #
#                          -DDEFAULT_CHANLIST=0x00000800                      #
#                          -DZDAPP_CONFIG_PAN_ID=0xFFFF                       #
#                          -DNWK_START_DELAY=100 -DEXTENDED_JOINING_RANDOM_MA #
#                          SK=0x007F -DBEACON_REQUEST_DELAY=100               #
#                          -DBEACON_REQ_DELAY_MASK=0x00FF                     #
#                          -DLINK_STATUS_JITTER_MASK=0x007F                   #
#                          -DROUTE_EXPIRY_TIME=30 -DAPSC_ACK_WAIT_DURATION_PO #
#                          LLED=3000 -DNWK_INDIRECT_MSG_TIMEOUT=7             #
#                          -DMAX_RREQ_ENTRIES=8 -DAPSC_MAX_FRAME_RETRIES=3    #
#                          -DNWK_MAX_DATA_RETRIES=2                           #
#                          -DMAX_POLL_FAILURE_RETRIES=2 -DMAX_BCAST=9         #
#                          -DAPS_MAX_GROUPS=16 -DMAX_RTG_ENTRIES=40           #
#                          -DNWK_MAX_BINDING_ENTRIES=4                        #
#                          -DMAX_BINDING_CLUSTER_IDS=4 "-DDEFAULT_KEY={0x01,  #
#                          0x03, 0x05, 0x07, 0x09, 0x0B, 0x0D, 0x0F, 0x00,    #
#                          0x02, 0x04, 0x06, 0x08, 0x0A, 0x0C, 0x0D}"         #
#                          -DMAC_MAX_FRAME_SIZE=116                           #
#                          -DZDNWKMGR_MIN_TRANSMISSIONS=20 "-DCONST=const     #
#                          __code" -DGENERIC=__generic                        #
#                          -DRFD_RCVC_ALWAYS_ON=FALSE -DPOLL_RATE=1000        #
#                          -DQUEUED_POLL_RATE=100 -DRESPONSE_POLL_RATE=100)   #
#                          -DREJOIN_POLL_RATE=440 "C:\Texas                   #
#                          Instruments\ZStack-CC2530-2.5.1a\Components\hal\ta #
#                          rget\CC2530EB\hal_key.c" -D ZTOOL_P1 -D MT_TASK    #
#                          -D LCD_SUPPORTED=DEBUG -D HAL_UART=TRUE -D         #
#                          xNV_INIT -D NV_RESTORE -D xPOWER_SAVING -D         #
#                          BUILD_ALL_DEVICES -D HOLD_AUTO_START -D            #
#                          HAL_LED=FALSE -lC "C:\Texas                        #
#                          Instruments\ZStack-CC2530-2.5.1a\Projects\zstack\S #
#                          amples\testApp_2.5\CC2530DB\RouterEB\List\" -lA    #
#                          "C:\Texas Instruments\ZStack-CC2530-2.5.1a\Project #
#                          s\zstack\Samples\testApp_2.5\CC2530DB\RouterEB\Lis #
#                          t\" --diag_suppress Pe001,Pa010 -o "C:\Texas       #
#                          Instruments\ZStack-CC2530-2.5.1a\Projects\zstack\S #
#                          amples\testApp_2.5\CC2530DB\RouterEB\Obj\" -e      #
#                          --no_code_motion --debug --core=plain --dptr=16,1  #
#                          --data_model=large --code_model=banked             #
#                          --calling_convention=xdata_reentrant               #
#                          --place_constants=data_rom --nr_virtual_regs 16    #
#                          -I "C:\Texas Instruments\ZStack-CC2530-2.5.1a\Proj #
#                          ects\zstack\Samples\testApp_2.5\CC2530DB\" -I      #
#                          "C:\Texas Instruments\ZStack-CC2530-2.5.1a\Project #
#                          s\zstack\Samples\testApp_2.5\CC2530DB\..\Source\"  #
#                          -I "C:\Texas Instruments\ZStack-CC2530-2.5.1a\Proj #
#                          ects\zstack\Samples\testApp_2.5\CC2530DB\..\..\..\ #
#                          ZMain\TI2530DB\" -I "C:\Texas                      #
#                          Instruments\ZStack-CC2530-2.5.1a\Projects\zstack\S #
#                          amples\testApp_2.5\CC2530DB\..\..\..\..\..\Compone #
#                          nts\hal\include\" -I "C:\Texas                     #
#                          Instruments\ZStack-CC2530-2.5.1a\Projects\zstack\S #
#                          amples\testApp_2.5\CC2530DB\..\..\..\..\..\Compone #
#                          nts\hal\target\CC2530EB\" -I "C:\Texas             #
#                          Instruments\ZStack-CC2530-2.5.1a\Projects\zstack\S #
#                          amples\testApp_2.5\CC2530DB\..\..\..\..\..\Compone #
#                          nts\mac\include\" -I "C:\Texas                     #
#                          Instruments\ZStack-CC2530-2.5.1a\Projects\zstack\S #
#                          amples\testApp_2.5\CC2530DB\..\..\..\..\..\Compone #
#                          nts\mac\high_level\" -I "C:\Texas                  #
#                          Instruments\ZStack-CC2530-2.5.1a\Projects\zstack\S #
#                          amples\testApp_2.5\CC2530DB\..\..\..\..\..\Compone #
#                          nts\mac\low_level\srf04\" -I "C:\Texas             #
#                          Instruments\ZStack-CC2530-2.5.1a\Projects\zstack\S #
#                          amples\testApp_2.5\CC2530DB\..\..\..\..\..\Compone #
#                          nts\mac\low_level\srf04\single_chip\" -I           #
#                          "C:\Texas Instruments\ZStack-CC2530-2.5.1a\Project #
#                          s\zstack\Samples\testApp_2.5\CC2530DB\..\..\..\..\ #
#                          ..\Components\mt\" -I "C:\Texas                    #
#                          Instruments\ZStack-CC2530-2.5.1a\Projects\zstack\S #
#                          amples\testApp_2.5\CC2530DB\..\..\..\..\..\Compone #
#                          nts\osal\include\" -I "C:\Texas                    #
#                          Instruments\ZStack-CC2530-2.5.1a\Projects\zstack\S #
#                          amples\testApp_2.5\CC2530DB\..\..\..\..\..\Compone #
#                          nts\services\saddr\" -I "C:\Texas                  #
#                          Instruments\ZStack-CC2530-2.5.1a\Projects\zstack\S #
#                          amples\testApp_2.5\CC2530DB\..\..\..\..\..\Compone #
#                          nts\services\sdata\" -I "C:\Texas                  #
#                          Instruments\ZStack-CC2530-2.5.1a\Projects\zstack\S #
#                          amples\testApp_2.5\CC2530DB\..\..\..\..\..\Compone #
#                          nts\stack\af\" -I "C:\Texas                        #
#                          Instruments\ZStack-CC2530-2.5.1a\Projects\zstack\S #
#                          amples\testApp_2.5\CC2530DB\..\..\..\..\..\Compone #
#                          nts\stack\nwk\" -I "C:\Texas                       #
#                          Instruments\ZStack-CC2530-2.5.1a\Projects\zstack\S #
#                          amples\testApp_2.5\CC2530DB\..\..\..\..\..\Compone #
#                          nts\stack\sapi\" -I "C:\Texas                      #
#                          Instruments\ZStack-CC2530-2.5.1a\Projects\zstack\S #
#                          amples\testApp_2.5\CC2530DB\..\..\..\..\..\Compone #
#                          nts\stack\sec\" -I "C:\Texas                       #
#                          Instruments\ZStack-CC2530-2.5.1a\Projects\zstack\S #
#                          amples\testApp_2.5\CC2530DB\..\..\..\..\..\Compone #
#                          nts\stack\sys\" -I "C:\Texas                       #
#                          Instruments\ZStack-CC2530-2.5.1a\Projects\zstack\S #
#                          amples\testApp_2.5\CC2530DB\..\..\..\..\..\Compone #
#                          nts\stack\zdo\" -I "C:\Texas                       #
#                          Instruments\ZStack-CC2530-2.5.1a\Projects\zstack\S #
#                          amples\testApp_2.5\CC2530DB\..\..\..\..\..\Compone #
#                          nts\zmac\" -I "C:\Texas Instruments\ZStack-CC2530- #
#                          2.5.1a\Projects\zstack\Samples\testApp_2.5\CC2530D #
#                          B\..\..\..\..\..\Components\zmac\f8w\" -Ohz        #
#                          --require_prototypes                               #
#    List file          =  C:\Texas Instruments\ZStack-CC2530-2.5.1a\Projects #
#                          \zstack\Samples\testApp_2.5\CC2530DB\RouterEB\List #
#                          \hal_key.lst                                       #
#    Object file        =  C:\Texas Instruments\ZStack-CC2530-2.5.1a\Projects #
#                          \zstack\Samples\testApp_2.5\CC2530DB\RouterEB\Obj\ #
#                          hal_key.r51                                        #
#                                                                             #
#                                                                             #
###############################################################################

C:\Texas Instruments\ZStack-CC2530-2.5.1a\Components\hal\target\CC2530EB\hal_key.c
      1          /**************************************************************************************************
      2            Filename:       hal_key.c
      3            Revised:        $Date: 2010-09-15 19:02:45 -0700 (Wed, 15 Sep 2010) $
      4            Revision:       $Revision: 23815 $
      5          
      6            Description:    This file contains the interface to the HAL KEY Service.
      7          
      8          
      9            Copyright 2006-2010 Texas Instruments Incorporated. All rights reserved.
     10          
     11            IMPORTANT: Your use of this Software is limited to those specific rights
     12            granted under the terms of a software license agreement between the user
     13            who downloaded the software, his/her employer (which must be your employer)
     14            and Texas Instruments Incorporated (the "License").  You may not use this
     15            Software unless you agree to abide by the terms of the License. The License
     16            limits your use, and you acknowledge, that the Software may not be modified,
     17            copied or distributed unless embedded on a Texas Instruments microcontroller
     18            or used solely and exclusively in conjunction with a Texas Instruments radio
     19            frequency transceiver, which is integrated into your product.  Other than for
     20            the foregoing purpose, you may not use, reproduce, copy, prepare derivative
     21            works of, modify, distribute, perform, display or sell this Software and/or
     22            its documentation for any purpose.
     23          
     24            YOU FURTHER ACKNOWLEDGE AND AGREE THAT THE SOFTWARE AND DOCUMENTATION ARE
     25            PROVIDED “AS IS?WITHOUT WARRANTY OF ANY KIND, EITHER EXPRESS OR IMPLIED,
     26            INCLUDING WITHOUT LIMITATION, ANY WARRANTY OF MERCHANTABILITY, TITLE,
     27            NON-INFRINGEMENT AND FITNESS FOR A PARTICULAR PURPOSE. IN NO EVENT SHALL
     28            TEXAS INSTRUMENTS OR ITS LICENSORS BE LIABLE OR OBLIGATED UNDER CONTRACT,
     29            NEGLIGENCE, STRICT LIABILITY, CONTRIBUTION, BREACH OF WARRANTY, OR OTHER
     30            LEGAL EQUITABLE THEORY ANY DIRECT OR INDIRECT DAMAGES OR EXPENSES
     31            INCLUDING BUT NOT LIMITED TO ANY INCIDENTAL, SPECIAL, INDIRECT, PUNITIVE
     32            OR CONSEQUENTIAL DAMAGES, LOST PROFITS OR LOST DATA, COST OF PROCUREMENT
     33            OF SUBSTITUTE GOODS, TECHNOLOGY, SERVICES, OR ANY CLAIMS BY THIRD PARTIES
     34            (INCLUDING BUT NOT LIMITED TO ANY DEFENSE THEREOF), OR OTHER SIMILAR COSTS.
     35          
     36            Should you have any questions regarding your right to use this Software,
     37            contact Texas Instruments Incorporated at www.TI.com.
     38          **************************************************************************************************/
     39          /*********************************************************************
     40           NOTE: If polling is used, the hal_driver task schedules the KeyRead()
     41                 to occur every 100ms.  This should be long enough to naturally
     42                 debounce the keys.  The KeyRead() function remembers the key
     43                 state of the previous poll and will only return a non-zero
     44                 value if the key state changes.
     45          
     46           NOTE: If interrupts are used, the KeyRead() function is scheduled
     47                 25ms after the interrupt occurs by the ISR.  This delay is used
     48                 for key debouncing.  The ISR disables any further Key interrupt
     49                 until KeyRead() is executed.  KeyRead() will re-enable Key
     50                 interrupts after executing.  Unlike polling, when interrupts
     51                 are enabled, the previous key state is not remembered.  This
     52                 means that KeyRead() will return the current state of the keys
     53                 (not a change in state of the keys).
     54          
     55           NOTE: If interrupts are used, the KeyRead() fucntion is scheduled by
     56                 the ISR.  Therefore, the joystick movements will only be detected
     57                 during a pushbutton interrupt caused by S1 or the center joystick
     58                 pushbutton.
     59          
     60           NOTE: When a switch like S1 is pushed, the S1 signal goes from a normally
     61                 high state to a low state.  This transition is typically clean.  The
     62                 duration of the low state is around 200ms.  When the signal returns
     63                 to the high state, there is a high likelihood of signal bounce, which
     64                 causes a unwanted interrupts.  Normally, we would set the interrupt
     65                 edge to falling edge to generate an interrupt when S1 is pushed, but
     66                 because of the signal bounce, it is better to set the edge to rising
     67                 edge to generate an interrupt when S1 is released.  The debounce logic
     68                 can then filter out the signal bounce.  The result is that we typically
     69                 get only 1 interrupt per button push.  This mechanism is not totally
     70                 foolproof because occasionally, signal bound occurs during the falling
     71                 edge as well.  A similar mechanism is used to handle the joystick
     72                 pushbutton on the DB.  For the EB, we do not have independent control
     73                 of the interrupt edge for the S1 and center joystick pushbutton.  As
     74                 a result, only one or the other pushbuttons work reasonably well with
     75                 interrupts.  The default is the make the S1 switch on the EB work more
     76                 reliably.
     77          
     78          *********************************************************************/
     79          
     80          /**************************************************************************************************
     81           *                                            INCLUDES
     82           **************************************************************************************************/
     83          #include "hal_mcu.h"

   \                                 In  segment SFR_AN, at 0x80
   \   union <unnamed> volatile __sfr _A_P0
   \                     _A_P0:
   \   000000                DS 1

   \                                 In  segment SFR_AN, at 0x89
   \   unsigned char volatile __sfr P0IFG
   \                     P0IFG:
   \   000000                DS 1

   \                                 In  segment SFR_AN, at 0x8a
   \   unsigned char volatile __sfr P1IFG
   \                     P1IFG:
   \   000000                DS 1

   \                                 In  segment SFR_AN, at 0x8b
   \   unsigned char volatile __sfr P2IFG
   \                     P2IFG:
   \   000000                DS 1

   \                                 In  segment SFR_AN, at 0x8c
   \   unsigned char volatile __sfr PICTL
   \                     PICTL:
   \   000000                DS 1

   \                                 In  segment SFR_AN, at 0x8d
   \   unsigned char volatile __sfr P1IEN
   \                     P1IEN:
   \   000000                DS 1

   \                                 In  segment SFR_AN, at 0x90
   \   union <unnamed> volatile __sfr _A_P1
   \                     _A_P1:
   \   000000                DS 1

   \                                 In  segment SFR_AN, at 0x9a
   \   unsigned char volatile __sfr IEN2
   \                     IEN2:
   \   000000                DS 1

   \                                 In  segment SFR_AN, at 0xa0
   \   union <unnamed> volatile __sfr _A_P2
   \                     _A_P2:
   \   000000                DS 1

   \                                 In  segment SFR_AN, at 0xa8
   \   union <unnamed> volatile __sfr _A_IEN0
   \                     _A_IEN0:
   \   000000                DS 1

   \                                 In  segment SFR_AN, at 0xab
   \   unsigned char volatile __sfr P0IEN
   \                     P0IEN:
   \   000000                DS 1

   \                                 In  segment SFR_AN, at 0xac
   \   unsigned char volatile __sfr P2IEN
   \                     P2IEN:
   \   000000                DS 1

   \                                 In  segment SFR_AN, at 0xb8
   \   union <unnamed> volatile __sfr _A_IEN1
   \                     _A_IEN1:
   \   000000                DS 1

   \                                 In  segment SFR_AN, at 0xc0
   \   union <unnamed> volatile __sfr _A_IRCON
   \                     _A_IRCON:
   \   000000                DS 1

   \                                 In  segment SFR_AN, at 0xe8
   \   union <unnamed> volatile __sfr _A_IRCON2
   \                     _A_IRCON2:
   \   000000                DS 1

   \                                 In  segment SFR_AN, at 0xf3
   \   unsigned char volatile __sfr P0SEL
   \                     P0SEL:
   \   000000                DS 1

   \                                 In  segment SFR_AN, at 0xf5
   \   unsigned char volatile __sfr P2SEL
   \                     P2SEL:
   \   000000                DS 1

   \                                 In  segment SFR_AN, at 0xfd
   \   unsigned char volatile __sfr P0DIR
   \                     P0DIR:
   \   000000                DS 1

   \                                 In  segment SFR_AN, at 0xff
   \   unsigned char volatile __sfr P2DIR
   \                     P2DIR:
   \   000000                DS 1
     84          #include "hal_defs.h"
     85          #include "hal_types.h"
     86          #include "hal_board.h"
     87          #include "hal_drivers.h"
     88          #include "hal_adc.h"
     89          #include "hal_key.h"
     90          #include "osal.h"
     91          
     92          #if (defined HAL_KEY) && (HAL_KEY == TRUE)
     93          
     94          /**************************************************************************************************
     95           *                                              MACROS
     96           **************************************************************************************************/
     97          
     98          /**************************************************************************************************
     99           *                                            CONSTANTS
    100           **************************************************************************************************/

   \                                 In  segment XDATA_Z, align 1, keep-with-next
    101          uint8 FUCK_TI_KEY1;
   \                     FUCK_TI_KEY1:
   \   000000                DS 1
   \   000001                REQUIRE __INIT_XDATA_Z

   \                                 In  segment XDATA_Z, align 1, keep-with-next
    102          uint8 FUCK_TI_KEY7;
   \                     FUCK_TI_KEY7:
   \   000000                DS 1
   \   000001                REQUIRE __INIT_XDATA_Z
    103          
    104          #define HAL_KEY_RISING_EDGE   0
    105          #define HAL_KEY_FALLING_EDGE  1
    106          
    107          #define HAL_KEY_DEBOUNCE_VALUE  25
    108          
    109          /* CPU port interrupt */
    110          #define HAL_KEY_CPU_PORT_0_IF P0IF
    111          #define HAL_KEY_CPU_PORT_1_IF P1IF
    112          #define HAL_KEY_CPU_PORT_2_IF P2IF
    113          
    114          /* SW_6 is at P0.1 */
    115          #define HAL_KEY_SW_6_PORT   P0
    116          #define HAL_KEY_SW_6_BIT    BV(1)
    117          #define HAL_KEY_SW_6_SEL    P0SEL
    118          #define HAL_KEY_SW_6_DIR    P0DIR
    119          
    120          /* edge interrupt */
    121          #define HAL_KEY_SW_6_EDGEBIT  BV(0)
    122          #define HAL_KEY_SW_6_EDGE     HAL_KEY_FALLING_EDGE
    123          
    124          
    125          /* SW_6 interrupts */
    126          #define HAL_KEY_SW_6_IEN      IEN1  /* CPU interrupt mask register */
    127          #define HAL_KEY_SW_6_IENBIT   BV(5) /* Mask bit for all of Port_0 */
    128          #define HAL_KEY_SW_6_ICTL     P0IEN /* Port Interrupt Control register */
    129          #define HAL_KEY_SW_6_ICTLBIT  BV(1) /* P0IEN - P0.1 enable/disable bit */
    130          #define HAL_KEY_SW_6_PXIFG    P0IFG /* Interrupt flag at source */
    131          
    132          
    133          #define HAL_KEY_SW_7_PORT   P1
    134          #define HAL_KEY_SW_7_BIT    BV(6)
    135          #define HAL_KEY_SW_7_SEL    P1SEL
    136          #define HAL_KEY_SW_7_DIR    P1DIR
    137          
    138          #define HAL_KEY_SW_7_EDGEBIT  BV(2)
    139          #define HAL_KEY_SW_7_EDGE     HAL_KEY_FALLING_EDGE
    140          
    141          #define HAL_KEY_SW_7_IEN      IEN2  
    142          #define HAL_KEY_SW_7_IENBIT   BV(4) 
    143          #define HAL_KEY_SW_7_ICTL     P1IEN 
    144          #define HAL_KEY_SW_7_ICTLBIT  BV(6) 
    145          #define HAL_KEY_SW_7_PXIFG    P1IFG 
    146          
    147          /* Joy stick move at P2.0 */
    148          #define HAL_KEY_JOY_MOVE_PORT   P2
    149          #define HAL_KEY_JOY_MOVE_BIT    BV(0)
    150          #define HAL_KEY_JOY_MOVE_SEL    P2SEL
    151          #define HAL_KEY_JOY_MOVE_DIR    P2DIR
    152          
    153          /* edge interrupt */
    154          #define HAL_KEY_JOY_MOVE_EDGEBIT  BV(3)
    155          #define HAL_KEY_JOY_MOVE_EDGE     HAL_KEY_FALLING_EDGE
    156          
    157          /* Joy move interrupts */
    158          #define HAL_KEY_JOY_MOVE_IEN      IEN2  /* CPU interrupt mask register */
    159          #define HAL_KEY_JOY_MOVE_IENBIT   BV(1) /* Mask bit for all of Port_2 */
    160          #define HAL_KEY_JOY_MOVE_ICTL     P2IEN /* Port Interrupt Control register */
    161          #define HAL_KEY_JOY_MOVE_ICTLBIT  BV(0) /* P2IENL - P2.0<->P2.3 enable/disable bit */
    162          #define HAL_KEY_JOY_MOVE_PXIFG    P2IFG /* Interrupt flag at source */
    163          
    164          #define HAL_KEY_JOY_CHN   HAL_ADC_CHANNEL_6
    165          
    166          
    167          /**************************************************************************************************
    168           *                                            TYPEDEFS
    169           **************************************************************************************************/
    170          
    171          
    172          /**************************************************************************************************
    173           *                                        GLOBAL VARIABLES
    174           **************************************************************************************************/

   \                                 In  segment XDATA_Z, align 1, keep-with-next
    175          static uint8 halKeySavedKeys;     /* used to store previous key state in polling mode */
   \                     halKeySavedKeys:
   \   000000                DS 1
   \   000001                REQUIRE __INIT_XDATA_Z

   \                                 In  segment XDATA_Z, align 1, keep-with-next
    176          static halKeyCBack_t pHalKeyProcessFunction;
   \                     pHalKeyProcessFunction:
   \   000000                DS 2
   \   000002                REQUIRE __INIT_XDATA_Z

   \                                 In  segment XDATA_Z, align 1, keep-with-next
    177          static uint8 HalKeyConfigured;
   \                     HalKeyConfigured:
   \   000000                DS 1
   \   000001                REQUIRE __INIT_XDATA_Z

   \                                 In  segment XDATA_Z, align 1, keep-with-next
    178          bool Hal_KeyIntEnable;            /* interrupt enable/disable flag */
   \                     Hal_KeyIntEnable:
   \   000000                DS 1
   \   000001                REQUIRE __INIT_XDATA_Z
    179          
    180          /**************************************************************************************************
    181           *                                        FUNCTIONS - Local
    182           **************************************************************************************************/
    183          void halProcessKeyInterrupt(void);
    184          uint8 halGetJoyKeyInput(void);
    185          
    186          
    187          
    188          /**************************************************************************************************
    189           *                                        FUNCTIONS - API
    190           **************************************************************************************************/
    191          
    192          
    193          /**************************************************************************************************
    194           * @fn      HalKeyInit
    195           *
    196           * @brief   Initilize Key Service
    197           *
    198           * @param   none
    199           *
    200           * @return  None
    201           **************************************************************************************************/

   \                                 In  segment BANKED_CODE, align 1, keep-with-next
    202          void HalKeyInit( void )
   \                     HalKeyInit:
    203          {
   \   000000   C082         PUSH    DPL
   \   000002   C083         PUSH    DPH
   \   000004                ; Saved register size: 2
   \   000004                ; Auto size: 0
    204            /* Initialize previous key to 0 */
    205            halKeySavedKeys = 0;
   \   000004   90....       MOV     DPTR,#halKeySavedKeys
   \   000007   E4           CLR     A
   \   000008   F0           MOVX    @DPTR,A
    206          
    207            HAL_KEY_SW_6_SEL &= ~(HAL_KEY_SW_6_BIT);    /* Set pin function to GPIO */
   \   000009   53F3FD       ANL     0xf3,#0xfd
    208            HAL_KEY_SW_6_DIR &= ~(HAL_KEY_SW_6_BIT);    /* Set pin direction to Input */
   \   00000C   53FDFD       ANL     0xfd,#0xfd
    209          
    210            HAL_KEY_JOY_MOVE_SEL &= ~(HAL_KEY_JOY_MOVE_BIT); /* Set pin function to GPIO */
   \   00000F   53F5FE       ANL     0xf5,#0xfe
    211            HAL_KEY_JOY_MOVE_DIR &= ~(HAL_KEY_JOY_MOVE_BIT); /* Set pin direction to Input */
   \   000012   53FFFE       ANL     0xff,#0xfe
    212          
    213          
    214            /* Initialize callback function */
    215            pHalKeyProcessFunction  = NULL;
   \   000015   90....       MOV     DPTR,#pHalKeyProcessFunction
   \   000018   F0           MOVX    @DPTR,A
   \   000019   A3           INC     DPTR
   \   00001A   F0           MOVX    @DPTR,A
    216          
    217            /* Start with key is not configured */
    218            HalKeyConfigured = FALSE;
   \   00001B   90....       MOV     DPTR,#HalKeyConfigured
   \   00001E   F0           MOVX    @DPTR,A
    219                  FUCK_TI_KEY1 = 1;
   \   00001F   90....       MOV     DPTR,#FUCK_TI_KEY1
   \   000022   04           INC     A
   \   000023   F0           MOVX    @DPTR,A
    220                  FUCK_TI_KEY7 = 1;
   \   000024   90....       MOV     DPTR,#FUCK_TI_KEY7
   \   000027   F0           MOVX    @DPTR,A
    221           
    222          }
   \   000028   02....       LJMP    ?Subroutine0 & 0xFFFF
   \   00002B                REQUIRE P0SEL
   \   00002B                REQUIRE P0DIR
   \   00002B                REQUIRE P2SEL
   \   00002B                REQUIRE P2DIR

   \                                 In  segment BANKED_CODE, align 1, keep-with-next
   \                     ?Subroutine0:
   \   000000   D083         POP     DPH
   \   000002   D082         POP     DPL
   \   000004   02....       LJMP    ?BRET
    223          
    224          
    225          /**************************************************************************************************
    226           * @fn      HalKeyConfig
    227           *
    228           * @brief   Configure the Key serivce
    229           *
    230           * @param   interruptEnable - TRUE/FALSE, enable/disable interrupt
    231           *          cback - pointer to the CallBack function
    232           *
    233           * @return  None
    234           **************************************************************************************************/

   \                                 In  segment BANKED_CODE, align 1, keep-with-next
    235          void HalKeyConfig (bool interruptEnable, halKeyCBack_t cback)
   \                     HalKeyConfig:
    236          {
   \   000000   74F7         MOV     A,#-0x9
   \   000002   12....       LCALL   ?BANKED_ENTER_XDATA
   \   000005                ; Saved register size: 9
   \   000005                ; Auto size: 0
   \   000005   E9           MOV     A,R1
    237            /* Enable/Disable Interrupt or */
    238            Hal_KeyIntEnable = interruptEnable;
   \   000006   90....       MOV     DPTR,#Hal_KeyIntEnable
   \   000009   F0           MOVX    @DPTR,A
    239          
    240            /* Register the callback fucntion */
    241            pHalKeyProcessFunction = cback;
   \   00000A   90....       MOV     DPTR,#pHalKeyProcessFunction
   \   00000D   EA           MOV     A,R2
   \   00000E   F0           MOVX    @DPTR,A
   \   00000F   A3           INC     DPTR
   \   000010   EB           MOV     A,R3
   \   000011   F0           MOVX    @DPTR,A
    242          
    243            /* Determine if interrupt is enable or not */
    244            if (Hal_KeyIntEnable)
   \   000012   90....       MOV     DPTR,#Hal_KeyIntEnable
   \   000015   E0           MOVX    A,@DPTR
   \   000016   6042         JZ      ??HalKeyConfig_0
    245            {
    246              /* Rising/Falling edge configuratinn */
    247          
    248              PICTL &= ~(HAL_KEY_SW_6_EDGEBIT);    /* Clear the edge bit */
   \   000018   538CFE       ANL     0x8c,#0xfe
    249              /* For falling edge, the bit must be set. */
    250            #if (HAL_KEY_SW_6_EDGE == HAL_KEY_FALLING_EDGE)
    251              PICTL |= HAL_KEY_SW_6_EDGEBIT;
   \   00001B   438C01       ORL     0x8c,#0x1
    252            #endif
    253          
    254          
    255              /* Interrupt configuration:
    256               * - Enable interrupt generation at the port
    257               * - Enable CPU interrupt
    258               * - Clear any pending interrupt
    259               */
    260              HAL_KEY_SW_6_ICTL |= HAL_KEY_SW_6_ICTLBIT;
   \   00001E   43AB02       ORL     0xab,#0x2
    261              HAL_KEY_SW_6_IEN |= HAL_KEY_SW_6_IENBIT;
   \   000021   D2BD         SETB    0xb8.5
    262              HAL_KEY_SW_6_PXIFG = ~(HAL_KEY_SW_6_BIT);
   \   000023   7589FD       MOV     0x89,#-0x3
    263          
    264          
    265              PICTL &= ~(HAL_KEY_SW_7_EDGEBIT);    /* Clear the edge bit */
   \   000026   538CFB       ANL     0x8c,#0xfb
    266              /* For falling edge, the bit must be set. */
    267            #if (HAL_KEY_SW_7_EDGE == HAL_KEY_FALLING_EDGE)
    268              PICTL |= HAL_KEY_SW_7_EDGEBIT;
   \   000029   438C04       ORL     0x8c,#0x4
    269            #endif
    270          
    271              HAL_KEY_SW_7_ICTL |= HAL_KEY_SW_7_ICTLBIT;
   \   00002C   438D40       ORL     0x8d,#0x40
    272              HAL_KEY_SW_7_IEN |= HAL_KEY_SW_7_IENBIT;
   \   00002F   439A10       ORL     0x9a,#0x10
    273              HAL_KEY_SW_7_PXIFG = ~(HAL_KEY_SW_7_BIT);
   \   000032   758ABF       MOV     0x8a,#-0x41
    274          
    275          
    276              /* Rising/Falling edge configuratinn */
    277          
    278              HAL_KEY_JOY_MOVE_ICTL &= ~(HAL_KEY_JOY_MOVE_EDGEBIT);    /* Clear the edge bit */
   \   000035   53ACF7       ANL     0xac,#0xf7
    279              /* For falling edge, the bit must be set. */
    280            #if (HAL_KEY_JOY_MOVE_EDGE == HAL_KEY_FALLING_EDGE)
    281              HAL_KEY_JOY_MOVE_ICTL |= HAL_KEY_JOY_MOVE_EDGEBIT;
   \   000038   43AC08       ORL     0xac,#0x8
    282            #endif
    283          
    284          
    285              /* Interrupt configuration:
    286               * - Enable interrupt generation at the port
    287               * - Enable CPU interrupt
    288               * - Clear any pending interrupt
    289               */
    290              HAL_KEY_JOY_MOVE_ICTL |= HAL_KEY_JOY_MOVE_ICTLBIT;
   \   00003B   43AC01       ORL     0xac,#0x1
    291              HAL_KEY_JOY_MOVE_IEN |= HAL_KEY_JOY_MOVE_IENBIT;
   \   00003E   439A02       ORL     0x9a,#0x2
    292              HAL_KEY_JOY_MOVE_PXIFG = ~(HAL_KEY_JOY_MOVE_BIT);
   \   000041   758BFE       MOV     0x8b,#-0x2
    293          
    294          
    295              /* Do this only after the hal_key is configured - to work with sleep stuff */
    296              if (HalKeyConfigured == TRUE)
   \   000044   90....       MOV     DPTR,#HalKeyConfigured
   \   000047   E0           MOVX    A,@DPTR
   \   000048   6401         XRL     A,#0x1
   \   00004A   701F         JNZ     ??HalKeyConfig_1
    297              {
    298                osal_stop_timerEx(Hal_TaskID, HAL_KEY_EVENT);  /* Cancel polling if active */
   \   00004C                ; Setup parameters for call to function osal_stop_timerEx
   \   00004C   7A01         MOV     R2,#0x1
   \   00004E   7B00         MOV     R3,#0x0
   \   000050   90....       MOV     DPTR,#Hal_TaskID
   \   000053   E0           MOVX    A,@DPTR
   \   000054   F9           MOV     R1,A
   \   000055   12....       LCALL   ??osal_stop_timerEx?relay
   \   000058   8011         SJMP    ??HalKeyConfig_1
    299              }
    300            }
    301            else    /* Interrupts NOT enabled */
    302            {
    303              HAL_KEY_SW_6_ICTL &= ~(HAL_KEY_SW_6_ICTLBIT); /* don't generate interrupt */
   \                     ??HalKeyConfig_0:
   \   00005A   53ABFD       ANL     0xab,#0xfd
    304              HAL_KEY_SW_6_IEN &= ~(HAL_KEY_SW_6_IENBIT);   /* Clear interrupt enable bit */
   \   00005D   C2BD         CLR     0xb8.5
    305          
    306              osal_set_event(Hal_TaskID, HAL_KEY_EVENT);
   \   00005F                ; Setup parameters for call to function osal_set_event
   \   00005F   7A01         MOV     R2,#0x1
   \   000061   7B00         MOV     R3,#0x0
   \   000063   90....       MOV     DPTR,#Hal_TaskID
   \   000066   E0           MOVX    A,@DPTR
   \   000067   F9           MOV     R1,A
   \   000068   12....       LCALL   ??osal_set_event?relay
    307            }
    308          
    309            /* Key now is configured */
    310            HalKeyConfigured = TRUE;
   \                     ??HalKeyConfig_1:
   \   00006B   90....       MOV     DPTR,#HalKeyConfigured
   \   00006E   7401         MOV     A,#0x1
   \   000070   F0           MOVX    @DPTR,A
    311          }
   \   000071   FF           MOV     R7,A
   \   000072   02....       LJMP    ?BANKED_LEAVE_XDATA
   \   000075                REQUIRE PICTL
   \   000075                REQUIRE P0IEN
   \   000075                REQUIRE _A_IEN1
   \   000075                REQUIRE P0IFG
   \   000075                REQUIRE P1IEN
   \   000075                REQUIRE IEN2
   \   000075                REQUIRE P1IFG
   \   000075                REQUIRE P2IEN
   \   000075                REQUIRE P2IFG
    312          
    313          
    314          /**************************************************************************************************
    315           * @fn      HalKeyRead
    316           *
    317           * @brief   Read the current value of a key
    318           *
    319           * @param   None
    320           *
    321           * @return  keys - current keys status
    322           **************************************************************************************************/

   \                                 In  segment BANKED_CODE, align 1, keep-with-next
    323          uint8 HalKeyRead ( void )
   \                     HalKeyRead:
    324          {
   \   000000   C082         PUSH    DPL
   \   000002   C083         PUSH    DPH
   \   000004                ; Saved register size: 2
   \   000004                ; Auto size: 0
    325            uint8 keys = 0;
   \   000004   7900         MOV     R1,#0x0
    326          /*
    327            if (HAL_PUSH_BUTTON1())
    328            {
    329              keys |= HAL_KEY_SW_6;
    330            }
    331          */
    332          
    333            if ((HAL_KEY_JOY_MOVE_PORT & HAL_KEY_JOY_MOVE_BIT))  /* Key is active low */
   \   000006   A2A0         MOV     C,0xa0.0
   \   000008   5003         JNC     ??HalKeyRead_0
    334            {
    335              keys |= halGetJoyKeyInput();
   \   00000A                ; Setup parameters for call to function halGetJoyKeyInput
   \   00000A   12....       LCALL   ??halGetJoyKeyInput?relay
    336            }
    337          
    338            return keys;
   \                     ??HalKeyRead_0:
   \   00000D   80..         SJMP    ?Subroutine0
   \   00000F                REQUIRE _A_P2
    339          }
    340          
    341          
    342          /**************************************************************************************************
    343           * @fn      HalKeyPoll
    344           *
    345           * @brief   Called by hal_driver to poll the keys
    346           *
    347           * @param   None
    348           *
    349           * @return  None
    350           **************************************************************************************************/

   \                                 In  segment BANKED_CODE, align 1, keep-with-next
    351          void HalKeyPoll (void)
   \                     HalKeyPoll:
    352          {
   \   000000   C082         PUSH    DPL
   \   000002   C083         PUSH    DPH
   \   000004                ; Saved register size: 2
   \   000004                ; Auto size: 0
    353            uint8 keys = 0;
   \   000004   7900         MOV     R1,#0x0
    354          
    355            if ((HAL_KEY_JOY_MOVE_PORT & HAL_KEY_JOY_MOVE_BIT))  /* Key is active HIGH */
   \   000006   A2A0         MOV     C,0xa0.0
   \   000008   5003         JNC     ??HalKeyPoll_0
    356            {
    357              keys = halGetJoyKeyInput();
   \   00000A                ; Setup parameters for call to function halGetJoyKeyInput
   \   00000A   12....       LCALL   ??halGetJoyKeyInput?relay
    358            }
    359          
    360            /* If interrupts are not enabled, previous key status and current key status
    361             * are compared to find out if a key has changed status.
    362             */
    363            if (!Hal_KeyIntEnable)
   \                     ??HalKeyPoll_0:
   \   00000D   90....       MOV     DPTR,#Hal_KeyIntEnable
   \   000010   E0           MOVX    A,@DPTR
   \   000011   7009         JNZ     ??HalKeyPoll_1
    364            {
    365              if (keys == halKeySavedKeys)
   \   000013   90....       MOV     DPTR,#halKeySavedKeys
   \   000016   E0           MOVX    A,@DPTR
   \   000017   69           XRL     A,R1
   \   000018   603B         JZ      ??HalKeyPoll_2
    366              {
    367                /* Exit - since no keys have changed */
    368                return;
    369              }
    370              /* Store the current keys for comparation next time */
    371              halKeySavedKeys = keys;
   \   00001A   E9           MOV     A,R1
   \   00001B   F0           MOVX    @DPTR,A
    372            }
    373            else
    374            {
    375              /* Key interrupt handled here */
    376            }
    377          
    378          
    379            //if (HAL_PUSH_BUTTON1())// ¿¿¿¿¿¿¿¿¿¿¿¿
    380            if( FUCK_TI_KEY1 == 0)
   \                     ??HalKeyPoll_1:
   \   00001C   90....       MOV     DPTR,#FUCK_TI_KEY1
   \   00001F   E0           MOVX    A,@DPTR
   \   000020   A281         MOV     C,0x80.1
   \   000022   7008         JNZ     ??HalKeyPoll_3
    381            {
    382              if(!(HAL_KEY_SW_6_PORT & HAL_KEY_SW_6_BIT) )
   \   000024   4008         JC      ??HalKeyPoll_4
    383              {
    384                keys |= HAL_KEY_SW_6;
   \                     ??HalKeyPoll_5:
   \   000026   E9           MOV     A,R1
   \   000027   D2E5         SETB    0xE0 /* A   */.5
   \   000029   F9           MOV     R1,A
   \   00002A   8002         SJMP    ??HalKeyPoll_4
    385              }
    386            }else
    387            {
    388              if(!!(HAL_KEY_SW_6_PORT & HAL_KEY_SW_6_BIT) )
   \                     ??HalKeyPoll_3:
   \   00002C   40F8         JC      ??HalKeyPoll_5
    389              {
    390                keys |= HAL_KEY_SW_6;
    391              }
    392            } 
    393             
    394            if (!(HAL_KEY_SW_7_PORT & HAL_KEY_SW_7_BIT))    /* Key is active low *///,P1.6
   \                     ??HalKeyPoll_4:
   \   00002E   A296         MOV     C,0x90.6
   \   000030   4004         JC      ??HalKeyPoll_6
    395          //  if( (!(P1_6)))
    396            {
    397              keys |= HAL_KEY_SW_7;
   \   000032   E9           MOV     A,R1
   \   000033   D2E6         SETB    0xE0 /* A   */.6
   \   000035   F9           MOV     R1,A
    398            } 
    399          
    400            /* Invoke Callback if new keys were depressed */
    401            if (keys && (pHalKeyProcessFunction))
   \                     ??HalKeyPoll_6:
   \   000036   E9           MOV     A,R1
   \   000037   601C         JZ      ??HalKeyPoll_2
   \   000039   90....       MOV     DPTR,#pHalKeyProcessFunction
   \   00003C   E0           MOVX    A,@DPTR
   \   00003D   FA           MOV     R2,A
   \   00003E   A3           INC     DPTR
   \   00003F   E0           MOVX    A,@DPTR
   \   000040   FB           MOV     R3,A
   \   000041   EA           MOV     A,R2
   \   000042   4B           ORL     A,R3
   \   000043   6010         JZ      ??HalKeyPoll_2
    402            {
    403              (pHalKeyProcessFunction) (keys, HAL_KEY_STATE_NORMAL);
   \   000045                ; Setup parameters for indirect call
   \   000045   7A00         MOV     R2,#0x0
   \   000047   90....       MOV     DPTR,#pHalKeyProcessFunction
   \   00004A   E0           MOVX    A,@DPTR
   \   00004B   F8           MOV     R0,A
   \   00004C   A3           INC     DPTR
   \   00004D   E0           MOVX    A,@DPTR
   \   00004E   F583         MOV     DPH,A
   \   000050   8882         MOV     DPL,R0
   \   000052   12....       LCALL   ?CALL_IND
    404            }
   \                     ??HalKeyPoll_2:
   \   000055                REQUIRE ?Subroutine0
   \   000055                REQUIRE _A_P2
   \   000055                REQUIRE _A_P0
   \   000055                REQUIRE _A_P1
   \   000055                ; // Fall through to label ?Subroutine0
    405          }
    406          
    407          /**************************************************************************************************
    408           * @fn      halGetJoyKeyInput
    409           *
    410           * @brief   Map the ADC value to its corresponding key.
    411           *
    412           * @param   None
    413           *
    414           * @return  keys - current joy key status
    415           **************************************************************************************************/

   \                                 In  segment BANKED_CODE, align 1, keep-with-next
    416          uint8 halGetJoyKeyInput(void)
   \                     halGetJoyKeyInput:
    417          {
   \   000000   74F7         MOV     A,#-0x9
   \   000002   12....       LCALL   ?BANKED_ENTER_XDATA
   \   000005                ; Saved register size: 9
   \   000005                ; Auto size: 0
    418            /* The joystick control is encoded as an analog voltage.
    419             * Read the JOY_LEVEL analog value and map it to joy movement.
    420             */
    421            uint8 adc;
    422            uint8 ksave0 = 0;
   \   000005   7E00         MOV     R6,#0x0
    423            uint8 ksave1;
    424          
    425            /* Keep on reading the ADC until two consecutive key decisions are the same. */
    426            do
    427            {
    428              ksave1 = ksave0;    /* save previouse key reading */
   \                     ??halGetJoyKeyInput_0:
   \   000007   EE           MOV     A,R6
   \   000008   FF           MOV     R7,A
    429          
    430              adc = HalAdcRead (HAL_KEY_JOY_CHN, HAL_ADC_RESOLUTION_8);
   \   000009                ; Setup parameters for call to function HalAdcRead
   \   000009   7A01         MOV     R2,#0x1
   \   00000B   7906         MOV     R1,#0x6
   \   00000D   12....       LCALL   ??HalAdcRead?relay
   \   000010   EA           MOV     A,R2
   \   000011   F8           MOV     R0,A
    431          
    432              if ((adc >= 2) && (adc <= 38))
   \   000012   74FE         MOV     A,#-0x2
   \   000014   28           ADD     A,R0
   \   000015   C3           CLR     C
   \   000016   9425         SUBB    A,#0x25
   \   000018   5005         JNC     ??halGetJoyKeyInput_1
    433              {
    434                 ksave0 |= HAL_KEY_UP;
   \   00001A   EE           MOV     A,R6
   \   00001B   D2E0         SETB    0xE0 /* A   */.0
   \   00001D   8032         SJMP    ??halGetJoyKeyInput_2
    435              }
    436              else if ((adc >= 74) && (adc <= 88))
   \                     ??halGetJoyKeyInput_1:
   \   00001F   74B6         MOV     A,#-0x4a
   \   000021   28           ADD     A,R0
   \   000022   C3           CLR     C
   \   000023   940F         SUBB    A,#0xf
   \   000025   5005         JNC     ??halGetJoyKeyInput_3
    437              {
    438                ksave0 |= HAL_KEY_RIGHT;
   \   000027   EE           MOV     A,R6
   \   000028   D2E1         SETB    0xE0 /* A   */.1
   \   00002A   8025         SJMP    ??halGetJoyKeyInput_2
    439              }
    440              else if ((adc >= 60) && (adc <= 73))
   \                     ??halGetJoyKeyInput_3:
   \   00002C   74C4         MOV     A,#-0x3c
   \   00002E   28           ADD     A,R0
   \   00002F   C3           CLR     C
   \   000030   940E         SUBB    A,#0xe
   \   000032   5005         JNC     ??halGetJoyKeyInput_4
    441              {
    442                ksave0 |= HAL_KEY_LEFT;
   \   000034   EE           MOV     A,R6
   \   000035   D2E3         SETB    0xE0 /* A   */.3
   \   000037   8018         SJMP    ??halGetJoyKeyInput_2
    443              }
    444              else if ((adc >= 39) && (adc <= 59))
   \                     ??halGetJoyKeyInput_4:
   \   000039   74D9         MOV     A,#-0x27
   \   00003B   28           ADD     A,R0
   \   00003C   C3           CLR     C
   \   00003D   9415         SUBB    A,#0x15
   \   00003F   5005         JNC     ??halGetJoyKeyInput_5
    445              {
    446                ksave0 |= HAL_KEY_DOWN;
   \   000041   EE           MOV     A,R6
   \   000042   D2E4         SETB    0xE0 /* A   */.4
   \   000044   800B         SJMP    ??halGetJoyKeyInput_2
    447              }
    448              else if ((adc >= 89) && (adc <= 100))
   \                     ??halGetJoyKeyInput_5:
   \   000046   74A7         MOV     A,#-0x59
   \   000048   28           ADD     A,R0
   \   000049   C3           CLR     C
   \   00004A   940C         SUBB    A,#0xc
   \   00004C   5004         JNC     ??halGetJoyKeyInput_6
    449              {
    450                ksave0 |= HAL_KEY_CENTER;
   \   00004E   EE           MOV     A,R6
   \   00004F   D2E2         SETB    0xE0 /* A   */.2
   \                     ??halGetJoyKeyInput_2:
   \   000051   FE           MOV     R6,A
    451              }
    452            } while (ksave0 != ksave1);
   \                     ??halGetJoyKeyInput_6:
   \   000052   EF           MOV     A,R7
   \   000053   6E           XRL     A,R6
   \   000054   70B1         JNZ     ??halGetJoyKeyInput_0
    453          
    454            return ksave0;
   \   000056   EE           MOV     A,R6
   \   000057   F9           MOV     R1,A
   \   000058   7F01         MOV     R7,#0x1
   \   00005A   02....       LJMP    ?BANKED_LEAVE_XDATA
    455          }
    456          
    457          
    458          
    459          
    460          
    461          /**************************************************************************************************
    462           * @fn      halProcessKeyInterrupt
    463           *
    464           * @brief   Checks to see if it's a valid key interrupt, saves interrupt driven key states for
    465           *          processing by HalKeyRead(), and debounces keys by scheduling HalKeyRead() 25ms later.
    466           *
    467           * @param
    468           *
    469           * @return
    470           **************************************************************************************************/

   \                                 In  segment BANKED_CODE, align 1, keep-with-next
    471          void halProcessKeyInterrupt (void)
   \                     halProcessKeyInterrupt:
    472          {
   \   000000   C082         PUSH    DPL
   \   000002   C083         PUSH    DPH
   \   000004                ; Saved register size: 2
   \   000004                ; Auto size: 0
    473            bool valid=FALSE;
   \   000004   7800         MOV     R0,#0x0
    474          
    475            if (HAL_KEY_SW_6_PXIFG & HAL_KEY_SW_6_BIT)  /* Interrupt Flag has been set */
   \   000006   E589         MOV     A,0x89
   \   000008   A2E1         MOV     C,0xE0 /* A   */.1
   \   00000A   5004         JNC     ??halProcessKeyInterrupt_0
    476            {
    477              HAL_KEY_SW_6_PXIFG = ~(HAL_KEY_SW_6_BIT); /* Clear Interrupt Flag */
   \   00000C   7589FD       MOV     0x89,#-0x3
    478              valid = TRUE;
   \   00000F   08           INC     R0
    479            }
    480          
    481            if (HAL_KEY_JOY_MOVE_PXIFG & HAL_KEY_JOY_MOVE_BIT)  /* Interrupt Flag has been set */
   \                     ??halProcessKeyInterrupt_0:
   \   000010   E58B         MOV     A,0x8b
   \   000012   A2E0         MOV     C,0xE0 /* A   */.0
   \   000014   5005         JNC     ??halProcessKeyInterrupt_1
    482            {
    483              HAL_KEY_JOY_MOVE_PXIFG = ~(HAL_KEY_JOY_MOVE_BIT); /* Clear Interrupt Flag */
   \   000016   758BFE       MOV     0x8b,#-0x2
    484              valid = TRUE;
   \   000019   7801         MOV     R0,#0x1
    485            }
    486          
    487            if (HAL_KEY_SW_7_PXIFG & HAL_KEY_SW_7_BIT)  /* Interrupt Flag has been set */
   \                     ??halProcessKeyInterrupt_1:
   \   00001B   E58A         MOV     A,0x8a
   \   00001D   A2E6         MOV     C,0xE0 /* A   */.6
   \   00001F   5005         JNC     ??halProcessKeyInterrupt_2
    488            {
    489              HAL_KEY_SW_7_PXIFG = ~(HAL_KEY_SW_7_BIT); /* Clear Interrupt Flag */
   \   000021   758ABF       MOV     0x8a,#-0x41
    490              valid = TRUE;
   \   000024   8005         SJMP    ??halProcessKeyInterrupt_3
    491            }
    492          
    493            if (valid)
   \                     ??halProcessKeyInterrupt_2:
   \   000026   E8           MOV     A,R0
   \   000027   A2E0         MOV     C,0xE0 /* A   */.0
   \   000029   5010         JNC     ??halProcessKeyInterrupt_4
    494            {
    495              osal_start_timerEx (Hal_TaskID, HAL_KEY_EVENT, HAL_KEY_DEBOUNCE_VALUE);
   \                     ??halProcessKeyInterrupt_3:
   \   00002B                ; Setup parameters for call to function osal_start_timerEx
   \   00002B   7C19         MOV     R4,#0x19
   \   00002D   7D00         MOV     R5,#0x0
   \   00002F   7A01         MOV     R2,#0x1
   \   000031   7B00         MOV     R3,#0x0
   \   000033   90....       MOV     DPTR,#Hal_TaskID
   \   000036   E0           MOVX    A,@DPTR
   \   000037   F9           MOV     R1,A
   \   000038   12....       LCALL   ??osal_start_timerEx?relay
    496            }
    497          }
   \                     ??halProcessKeyInterrupt_4:
   \   00003B   02....       LJMP    ?Subroutine0 & 0xFFFF
   \   00003E                REQUIRE P0IFG
   \   00003E                REQUIRE P2IFG
   \   00003E                REQUIRE P1IFG
    498          
    499          /**************************************************************************************************
    500           * @fn      HalKeyEnterSleep
    501           *
    502           * @brief  - Get called to enter sleep mode
    503           *
    504           * @param
    505           *
    506           * @return
    507           **************************************************************************************************/

   \                                 In  segment BANKED_CODE, align 1, keep-with-next
    508          void HalKeyEnterSleep ( void )
   \                     HalKeyEnterSleep:
    509          {
   \   000000                ; Saved register size: 0
   \   000000                ; Auto size: 0
    510          }
   \   000000   02....       LJMP    ?BRET
    511          
    512          /**************************************************************************************************
    513           * @fn      HalKeyExitSleep
    514           *
    515           * @brief   - Get called when sleep is over
    516           *
    517           * @param
    518           *
    519           * @return  - return saved keys
    520           **************************************************************************************************/

   \                                 In  segment BANKED_CODE, align 1, keep-with-next
    521          uint8 HalKeyExitSleep ( void )
   \                     HalKeyExitSleep:
    522          {
   \   000000   C082         PUSH    DPL
   \   000002   C083         PUSH    DPH
   \   000004                ; Saved register size: 2
   \   000004                ; Auto size: 0
    523            /* Wake up and read keys */
    524            return ( HalKeyRead () );
   \   000004                ; Setup parameters for call to function HalKeyRead
   \   000004   12....       LCALL   ??HalKeyRead?relay
   \   000007   02....       LJMP    ?Subroutine0 & 0xFFFF
    525          }
    526          
    527          /***************************************************************************************************
    528           *                                    INTERRUPT SERVICE ROUTINE
    529           ***************************************************************************************************/
    530          
    531          /**************************************************************************************************
    532           * @fn      halKeyPort0Isr
    533           *
    534           * @brief   Port0 ISR
    535           *
    536           * @param
    537           *
    538           * @return
    539           **************************************************************************************************/

   \                                 In  segment NEAR_CODE, align 1, keep-with-next
    540          HAL_ISR_FUNCTION( halKeyPort0Isr, P0INT_VECTOR )
   \                     halKeyPort0Isr:
    541          {
   \   000000   C0E0         PUSH    A
   \   000002   74F2         MOV     A,#-0xe
   \   000004   12....       LCALL   ?INTERRUPT_ENTER_XSP
   \   000007                ; Saved register size: 14
   \   000007                ; Auto size: 0
    542            HAL_ENTER_ISR();
   \   000007   A2AF         MOV     C,0xa8.7
   \   000009   E4           CLR     A
   \   00000A   33           RLC     A
   \   00000B   FE           MOV     R6,A
   \   00000C   D2AF         SETB    0xa8.7
    543          
    544            if (HAL_KEY_SW_6_PXIFG & HAL_KEY_SW_6_BIT)
   \   00000E   E589         MOV     A,0x89
   \   000010   A2E1         MOV     C,0xE0 /* A   */.1
   \   000012   5015         JNC     ??halKeyPort0Isr_0
    545            {
    546                  if(FUCK_TI_KEY1 == 0 )
   \   000014   90....       MOV     DPTR,#FUCK_TI_KEY1
   \   000017   E0           MOVX    A,@DPTR
   \   000018   7007         JNZ     ??halKeyPort0Isr_1
    547                  {
    548                          PICTL &= ~(HAL_KEY_SW_6_EDGEBIT);
   \   00001A   538CFE       ANL     0x8c,#0xfe
    549                          FUCK_TI_KEY1 = !FUCK_TI_KEY1;
   \   00001D   7401         MOV     A,#0x1
   \   00001F   8004         SJMP    ??halKeyPort0Isr_2
    550                  }
    551                  else{
    552                          PICTL |= HAL_KEY_SW_6_EDGEBIT;
   \                     ??halKeyPort0Isr_1:
   \   000021   438C01       ORL     0x8c,#0x1
    553                          FUCK_TI_KEY1 = !FUCK_TI_KEY1;
   \   000024   E4           CLR     A
   \                     ??halKeyPort0Isr_2:
   \   000025   F0           MOVX    @DPTR,A
    554                  }
    555          
    556              halProcessKeyInterrupt();
   \   000026                ; Setup parameters for call to function halProcessKeyInterrupt
   \   000026   12....       LCALL   ??halProcessKeyInterrupt?relay
    557          
    558          
    559            }
    560          
    561            /*
    562              Clear the CPU interrupt flag for Port_0
    563              PxIFG has to be cleared before PxIF
    564            */
    565            HAL_KEY_SW_6_PXIFG = 0;
   \                     ??halKeyPort0Isr_0:
   \   000029   758900       MOV     0x89,#0x0
    566            HAL_KEY_CPU_PORT_0_IF = 0;
   \   00002C   C2C5         CLR     0xc0.5
    567            
    568            CLEAR_SLEEP_MODE();
    569            HAL_EXIT_ISR();
   \   00002E                REQUIRE ?Subroutine1
   \   00002E                REQUIRE _A_IEN0
   \   00002E                REQUIRE P0IFG
   \   00002E                REQUIRE PICTL
   \   00002E                REQUIRE _A_IRCON
   \   00002E                ; // Fall through to label ?Subroutine1
    570          }

   \                                 In  segment NEAR_CODE, align 1, keep-with-next
   \                     ?Subroutine1:
   \   000000   EE           MOV     A,R6
   \   000001   A2E0         MOV     C,0xE0 /* A   */.0
   \   000003   92AF         MOV     0xa8.7,C
   \   000005   7F01         MOV     R7,#0x1
   \   000007   02....       LJMP    ?INTERRUPT_LEAVE_XSP
    571          

   \                                 In  segment NEAR_CODE, align 1, keep-with-next
    572          HAL_ISR_FUNCTION( halKeyPort1Isr, P1INT_VECTOR )
   \                     halKeyPort1Isr:
    573          {
   \   000000   C0E0         PUSH    A
   \   000002   74F2         MOV     A,#-0xe
   \   000004   12....       LCALL   ?INTERRUPT_ENTER_XSP
   \   000007                ; Saved register size: 14
   \   000007                ; Auto size: 0
    574          
    575          	HAL_ENTER_ISR();
   \   000007   A2AF         MOV     C,0xa8.7
   \   000009   E4           CLR     A
   \   00000A   33           RLC     A
   \   00000B   FE           MOV     R6,A
   \   00000C   D2AF         SETB    0xa8.7
    576          
    577                  if (HAL_KEY_SW_7_PXIFG & HAL_KEY_SW_7_BIT)
   \   00000E   E58A         MOV     A,0x8a
   \   000010   A2E6         MOV     C,0xE0 /* A   */.6
   \   000012   5015         JNC     ??halKeyPort1Isr_0
    578                  {
    579          
    580                     halProcessKeyInterrupt();
   \   000014                ; Setup parameters for call to function halProcessKeyInterrupt
   \   000014   12....       LCALL   ??halProcessKeyInterrupt?relay
    581          
    582                          if( FUCK_TI_KEY7== 0)
   \   000017   90....       MOV     DPTR,#FUCK_TI_KEY7
   \   00001A   E0           MOVX    A,@DPTR
   \   00001B   7007         JNZ     ??halKeyPort1Isr_1
    583                          {
    584                                  PICTL &= ~(HAL_KEY_SW_7_EDGEBIT);
   \   00001D   538CFB       ANL     0x8c,#0xfb
    585                                  FUCK_TI_KEY7 = !FUCK_TI_KEY7;
   \   000020   7401         MOV     A,#0x1
   \   000022   8004         SJMP    ??halKeyPort1Isr_2
    586                          }else
    587                          {
    588                                  PICTL |= HAL_KEY_SW_7_EDGEBIT;
   \                     ??halKeyPort1Isr_1:
   \   000024   438C04       ORL     0x8c,#0x4
    589                                  FUCK_TI_KEY7 = !FUCK_TI_KEY7;
   \   000027   E4           CLR     A
   \                     ??halKeyPort1Isr_2:
   \   000028   F0           MOVX    @DPTR,A
    590                          }
    591          
    592                  } // copied from TI forums
    593          
    594          /*
    595            if (HAL_KEY_SW_7_PXIFG & HAL_KEY_SW_7_BIT)
    596            {
    597              halProcessKeyInterrupt();
    598          //      HalUARTWrite( 0,  "p7", 2);
    599            }
    600          */
    601            HAL_KEY_SW_7_PXIFG = 0;
   \                     ??halKeyPort1Isr_0:
   \   000029   758A00       MOV     0x8a,#0x0
    602            HAL_KEY_CPU_PORT_1_IF = 0;
   \   00002C   C2EB         CLR     0xe8.3
    603            CLEAR_SLEEP_MODE();
    604            HAL_EXIT_ISR();
   \   00002E   80..         SJMP    ?Subroutine1
   \   000030                REQUIRE _A_IEN0
   \   000030                REQUIRE P1IFG
   \   000030                REQUIRE PICTL
   \   000030                REQUIRE _A_IRCON2
    605          
    606          }
    607          
    608          /**************************************************************************************************
    609           * @fn      halKeyPort2Isr
    610           *
    611           * @brief   Port2 ISR
    612           *
    613           * @param
    614           *
    615           * @return
    616           **************************************************************************************************/

   \                                 In  segment NEAR_CODE, align 1, keep-with-next
    617          HAL_ISR_FUNCTION( halKeyPort2Isr, P2INT_VECTOR )
   \                     halKeyPort2Isr:
    618          {
   \   000000   C0E0         PUSH    A
   \   000002   74F2         MOV     A,#-0xe
   \   000004   12....       LCALL   ?INTERRUPT_ENTER_XSP
   \   000007                ; Saved register size: 14
   \   000007                ; Auto size: 0
    619            HAL_ENTER_ISR();
   \   000007   A2AF         MOV     C,0xa8.7
   \   000009   E4           CLR     A
   \   00000A   33           RLC     A
   \   00000B   FE           MOV     R6,A
   \   00000C   D2AF         SETB    0xa8.7
    620            
    621            if (HAL_KEY_JOY_MOVE_PXIFG & HAL_KEY_JOY_MOVE_BIT)
   \   00000E   E58B         MOV     A,0x8b
   \   000010   A2E0         MOV     C,0xE0 /* A   */.0
   \   000012   5003         JNC     ??halKeyPort2Isr_0
    622            {
    623              halProcessKeyInterrupt();
   \   000014                ; Setup parameters for call to function halProcessKeyInterrupt
   \   000014   12....       LCALL   ??halProcessKeyInterrupt?relay
    624            }
    625          
    626            /*
    627              Clear the CPU interrupt flag for Port_2
    628              PxIFG has to be cleared before PxIF
    629              Notes: P2_1 and P2_2 are debug lines.
    630            */
    631            HAL_KEY_JOY_MOVE_PXIFG = 0;
   \                     ??halKeyPort2Isr_0:
   \   000017   758B00       MOV     0x8b,#0x0
    632            HAL_KEY_CPU_PORT_2_IF = 0;
   \   00001A   C2E8         CLR     0xe8.0
    633          
    634            CLEAR_SLEEP_MODE();
    635            HAL_EXIT_ISR();
   \   00001C   80..         SJMP    ?Subroutine1
   \   00001E                REQUIRE _A_IEN0
   \   00001E                REQUIRE P2IFG
   \   00001E                REQUIRE _A_IRCON2
    636          }

   \                                 In  segment INTVEC, offset 0x33, root
   \                     `??halKeyPort2Isr??INTVEC 51`:
   \   000033   02....       LJMP       (halKeyPort2Isr)

   \                                 In  segment INTVEC, offset 0x6b, root
   \                     `??halKeyPort0Isr??INTVEC 107`:
   \   00006B   02....       LJMP       (halKeyPort0Isr)

   \                                 In  segment INTVEC, offset 0x7b, root
   \                     `??halKeyPort1Isr??INTVEC 123`:
   \   00007B   02....       LJMP       (halKeyPort1Isr)

   \                                 In  segment BANK_RELAYS, align 1
   \                     ??HalKeyInit?relay:
   \   000000   12....       LCALL   ?BDISPATCH
   \   000003   ......       DC24    HalKeyInit

   \                                 In  segment BANK_RELAYS, align 1
   \                     ??HalKeyConfig?relay:
   \   000000   12....       LCALL   ?BDISPATCH
   \   000003   ......       DC24    HalKeyConfig

   \                                 In  segment BANK_RELAYS, align 1
   \                     ??HalKeyRead?relay:
   \   000000   12....       LCALL   ?BDISPATCH
   \   000003   ......       DC24    HalKeyRead

   \                                 In  segment BANK_RELAYS, align 1
   \                     ??HalKeyPoll?relay:
   \   000000   12....       LCALL   ?BDISPATCH
   \   000003   ......       DC24    HalKeyPoll

   \                                 In  segment BANK_RELAYS, align 1
   \                     ??halGetJoyKeyInput?relay:
   \   000000   12....       LCALL   ?BDISPATCH
   \   000003   ......       DC24    halGetJoyKeyInput

   \                                 In  segment BANK_RELAYS, align 1
   \                     ??halProcessKeyInterrupt?relay:
   \   000000   12....       LCALL   ?BDISPATCH
   \   000003   ......       DC24    halProcessKeyInterrupt

   \                                 In  segment BANK_RELAYS, align 1
   \                     ??HalKeyEnterSleep?relay:
   \   000000   12....       LCALL   ?BDISPATCH
   \   000003   ......       DC24    HalKeyEnterSleep

   \                                 In  segment BANK_RELAYS, align 1
   \                     ??HalKeyExitSleep?relay:
   \   000000   12....       LCALL   ?BDISPATCH
   \   000003   ......       DC24    HalKeyExitSleep
    637          
    638          #else
    639          
    640          
    641          void HalKeyInit(void){}
    642          void HalKeyConfig(bool interruptEnable, halKeyCBack_t cback){}
    643          uint8 HalKeyRead(void){ return 0;}
    644          void HalKeyPoll(void){}
    645          
    646          #endif /* HAL_KEY */
    647          
    648          
    649          
    650          
    651          
    652          /**************************************************************************************************
    653          **************************************************************************************************/
    654          
    655          
    656          

   Maximum stack usage in bytes:

     Function                    ISTACK PSTACK XSTACK
     --------                    ------ ------ ------
     HalKeyConfig                    0      0      9
       -> osal_stop_timerEx          0      0     18
       -> osal_set_event             0      0     18
     HalKeyEnterSleep                0      0      0
     HalKeyExitSleep                 2      0      0
       -> HalKeyRead                 4      0      0
     HalKeyInit                      2      0      0
     HalKeyPoll                      2      0      0
       -> halGetJoyKeyInput          4      0      0
     HalKeyRead                      2      0      0
       -> halGetJoyKeyInput          4      0      0
     halGetJoyKeyInput               0      0      9
       -> HalAdcRead                 0      0     18
     halKeyPort0Isr                  0      0     14
       -> halProcessKeyInterrupt     0      0     28
     halKeyPort1Isr                  0      0     14
       -> halProcessKeyInterrupt     0      0     28
     halKeyPort2Isr                  0      0     14
       -> halProcessKeyInterrupt     0      0     28
     halProcessKeyInterrupt          2      0     14
       -> osal_start_timerEx         4      0      0


   Segment part sizes:

     Function/Label                 Bytes
     --------------                 -----
     _A_P0                             1
     P0IFG                             1
     P1IFG                             1
     P2IFG                             1
     PICTL                             1
     P1IEN                             1
     _A_P1                             1
     IEN2                              1
     _A_P2                             1
     _A_IEN0                           1
     P0IEN                             1
     P2IEN                             1
     _A_IEN1                           1
     _A_IRCON                          1
     _A_IRCON2                         1
     P0SEL                             1
     P2SEL                             1
     P0DIR                             1
     P2DIR                             1
     FUCK_TI_KEY1                      1
     FUCK_TI_KEY7                      1
     halKeySavedKeys                   1
     pHalKeyProcessFunction            2
     HalKeyConfigured                  1
     Hal_KeyIntEnable                  1
     HalKeyInit                       43
     ?Subroutine0                      7
     HalKeyConfig                    117
     HalKeyRead                       15
     HalKeyPoll                       85
     halGetJoyKeyInput                93
     halProcessKeyInterrupt           62
     HalKeyEnterSleep                  3
     HalKeyExitSleep                  10
     halKeyPort0Isr                   46
     ?Subroutine1                     10
     halKeyPort1Isr                   48
     halKeyPort2Isr                   30
     ??halKeyPort2Isr??INTVEC 51       3
     ??halKeyPort0Isr??INTVEC 107      3
     ??halKeyPort1Isr??INTVEC 123      3
     ??HalKeyInit?relay                6
     ??HalKeyConfig?relay              6
     ??HalKeyRead?relay                6
     ??HalKeyPoll?relay                6
     ??halGetJoyKeyInput?relay         6
     ??halProcessKeyInterrupt?relay    6
     ??HalKeyEnterSleep?relay          6
     ??HalKeyExitSleep?relay           6

 
 435 bytes in segment BANKED_CODE
  48 bytes in segment BANK_RELAYS
   9 bytes in segment INTVEC
 134 bytes in segment NEAR_CODE
  19 bytes in segment SFR_AN
   7 bytes in segment XDATA_Z
 
 617 bytes of CODE  memory (+  9 bytes shared)
   0 bytes of DATA  memory (+ 19 bytes shared)
   7 bytes of XDATA memory

Errors: none
Warnings: none
